Determining if the pthread_create exist failed with the following output:
Change Dir: /home/julian/programming/OpenSH/CMakeFiles/CMakeTmp

Run Build Command:"/usr/bin/make" "cmTC_3cedb/fast"
/usr/bin/make -f CMakeFiles/cmTC_3cedb.dir/build.make CMakeFiles/cmTC_3cedb.dir/build
make[1]: Verzeichnis „/home/julian/programming/OpenSH/CMakeFiles/CMakeTmp“ wird betreten
Building C object CMakeFiles/cmTC_3cedb.dir/CheckSymbolExists.c.o
/usr/bin/cc    -o CMakeFiles/cmTC_3cedb.dir/CheckSymbolExists.c.o   -c /home/julian/programming/OpenSH/CMakeFiles/CMakeTmp/CheckSymbolExists.c
Linking C executable cmTC_3cedb
/usr/bin/cmake -E cmake_link_script CMakeFiles/cmTC_3cedb.dir/link.txt --verbose=1
/usr/bin/cc      -rdynamic CMakeFiles/cmTC_3cedb.dir/CheckSymbolExists.c.o  -o cmTC_3cedb 
/usr/bin/ld: CMakeFiles/cmTC_3cedb.dir/CheckSymbolExists.c.o: in function `main':
CheckSymbolExists.c:(.text+0x1b): undefined reference to `pthread_create'
collect2: Fehler: ld gab 1 als Ende-Status zurück
make[1]: *** [CMakeFiles/cmTC_3cedb.dir/build.make:87: cmTC_3cedb] Fehler 1
make[1]: Verzeichnis „/home/julian/programming/OpenSH/CMakeFiles/CMakeTmp“ wird verlassen
make: *** [Makefile:121: cmTC_3cedb/fast] Fehler 2

File /home/julian/programming/OpenSH/CMakeFiles/CMakeTmp/CheckSymbolExists.c:
/* */
#include <pthread.h>

int main(int argc, char** argv)
{
  (void)argv;
#ifndef pthread_create
  return ((int*)(&pthread_create))[argc];
#else
  (void)argc;
  return 0;
#endif
}

Determining if the function pthread_create exists in the pthreads failed with the following output:
Change Dir: /home/julian/programming/OpenSH/CMakeFiles/CMakeTmp

Run Build Command:"/usr/bin/make" "cmTC_2a014/fast"
/usr/bin/make -f CMakeFiles/cmTC_2a014.dir/build.make CMakeFiles/cmTC_2a014.dir/build
make[1]: Verzeichnis „/home/julian/programming/OpenSH/CMakeFiles/CMakeTmp“ wird betreten
Building C object CMakeFiles/cmTC_2a014.dir/CheckFunctionExists.c.o
/usr/bin/cc   -DCHECK_FUNCTION_EXISTS=pthread_create   -o CMakeFiles/cmTC_2a014.dir/CheckFunctionExists.c.o   -c /usr/share/cmake-3.13/Modules/CheckFunctionExists.c
Linking C executable cmTC_2a014
/usr/bin/cmake -E cmake_link_script CMakeFiles/cmTC_2a014.dir/link.txt --verbose=1
/usr/bin/cc  -DCHECK_FUNCTION_EXISTS=pthread_create    -rdynamic CMakeFiles/cmTC_2a014.dir/CheckFunctionExists.c.o  -o cmTC_2a014 -lpthreads 
/usr/bin/ld: -lpthreads kann nicht gefunden werden
collect2: Fehler: ld gab 1 als Ende-Status zurück
make[1]: *** [CMakeFiles/cmTC_2a014.dir/build.make:87: cmTC_2a014] Fehler 1
make[1]: Verzeichnis „/home/julian/programming/OpenSH/CMakeFiles/CMakeTmp“ wird verlassen
make: *** [Makefile:121: cmTC_2a014/fast] Fehler 2


Determining if the pthread_create exist failed with the following output:
Change Dir: /home/julian/programming/Sourcehold/CMakeFiles/CMakeTmp

Run Build Command:"/usr/bin/make" "cmTC_7f166/fast"
/usr/bin/make -f CMakeFiles/cmTC_7f166.dir/build.make CMakeFiles/cmTC_7f166.dir/build
make[1]: Verzeichnis „/home/julian/programming/Sourcehold/CMakeFiles/CMakeTmp“ wird betreten
Building C object CMakeFiles/cmTC_7f166.dir/CheckSymbolExists.c.o
/usr/bin/cc    -o CMakeFiles/cmTC_7f166.dir/CheckSymbolExists.c.o   -c /home/julian/programming/Sourcehold/CMakeFiles/CMakeTmp/CheckSymbolExists.c
Linking C executable cmTC_7f166
/usr/bin/cmake -E cmake_link_script CMakeFiles/cmTC_7f166.dir/link.txt --verbose=1
/usr/bin/cc      -rdynamic CMakeFiles/cmTC_7f166.dir/CheckSymbolExists.c.o  -o cmTC_7f166 
/usr/bin/ld: CMakeFiles/cmTC_7f166.dir/CheckSymbolExists.c.o: in function `main':
CheckSymbolExists.c:(.text+0x1b): undefined reference to `pthread_create'
collect2: Fehler: ld gab 1 als Ende-Status zurück
make[1]: *** [CMakeFiles/cmTC_7f166.dir/build.make:87: cmTC_7f166] Fehler 1
make[1]: Verzeichnis „/home/julian/programming/Sourcehold/CMakeFiles/CMakeTmp“ wird verlassen
make: *** [Makefile:121: cmTC_7f166/fast] Fehler 2

File /home/julian/programming/Sourcehold/CMakeFiles/CMakeTmp/CheckSymbolExists.c:
/* */
#include <pthread.h>

int main(int argc, char** argv)
{
  (void)argv;
#ifndef pthread_create
  return ((int*)(&pthread_create))[argc];
#else
  (void)argc;
  return 0;
#endif
}

Determining if the function pthread_create exists in the pthreads failed with the following output:
Change Dir: /home/julian/programming/Sourcehold/CMakeFiles/CMakeTmp

Run Build Command:"/usr/bin/make" "cmTC_20b9b/fast"
/usr/bin/make -f CMakeFiles/cmTC_20b9b.dir/build.make CMakeFiles/cmTC_20b9b.dir/build
make[1]: Verzeichnis „/home/julian/programming/Sourcehold/CMakeFiles/CMakeTmp“ wird betreten
Building C object CMakeFiles/cmTC_20b9b.dir/CheckFunctionExists.c.o
/usr/bin/cc   -DCHECK_FUNCTION_EXISTS=pthread_create   -o CMakeFiles/cmTC_20b9b.dir/CheckFunctionExists.c.o   -c /usr/share/cmake-3.13/Modules/CheckFunctionExists.c
Linking C executable cmTC_20b9b
/usr/bin/cmake -E cmake_link_script CMakeFiles/cmTC_20b9b.dir/link.txt --verbose=1
/usr/bin/cc  -DCHECK_FUNCTION_EXISTS=pthread_create    -rdynamic CMakeFiles/cmTC_20b9b.dir/CheckFunctionExists.c.o  -o cmTC_20b9b -lpthreads 
/usr/bin/ld: -lpthreads kann nicht gefunden werden
collect2: Fehler: ld gab 1 als Ende-Status zurück
make[1]: *** [CMakeFiles/cmTC_20b9b.dir/build.make:87: cmTC_20b9b] Fehler 1
make[1]: Verzeichnis „/home/julian/programming/Sourcehold/CMakeFiles/CMakeTmp“ wird verlassen
make: *** [Makefile:121: cmTC_20b9b/fast] Fehler 2


Determining if the pthread_create exist failed with the following output:
Change Dir: /home/julian/programming/Sourcehold/CMakeFiles/CMakeTmp

Run Build Command:"/usr/bin/make" "cmTC_c1288/fast"
/usr/bin/make -f CMakeFiles/cmTC_c1288.dir/build.make CMakeFiles/cmTC_c1288.dir/build
make[1]: Verzeichnis „/home/julian/programming/Sourcehold/CMakeFiles/CMakeTmp“ wird betreten
Building C object CMakeFiles/cmTC_c1288.dir/CheckSymbolExists.c.o
/usr/bin/cc    -o CMakeFiles/cmTC_c1288.dir/CheckSymbolExists.c.o   -c /home/julian/programming/Sourcehold/CMakeFiles/CMakeTmp/CheckSymbolExists.c
Linking C executable cmTC_c1288
/usr/bin/cmake -E cmake_link_script CMakeFiles/cmTC_c1288.dir/link.txt --verbose=1
/usr/bin/cc      -rdynamic CMakeFiles/cmTC_c1288.dir/CheckSymbolExists.c.o  -o cmTC_c1288 
/usr/bin/ld: CMakeFiles/cmTC_c1288.dir/CheckSymbolExists.c.o: in function `main':
CheckSymbolExists.c:(.text+0x1b): undefined reference to `pthread_create'
collect2: Fehler: ld gab 1 als Ende-Status zurück
make[1]: *** [CMakeFiles/cmTC_c1288.dir/build.make:87: cmTC_c1288] Fehler 1
make[1]: Verzeichnis „/home/julian/programming/Sourcehold/CMakeFiles/CMakeTmp“ wird verlassen
make: *** [Makefile:121: cmTC_c1288/fast] Fehler 2

File /home/julian/programming/Sourcehold/CMakeFiles/CMakeTmp/CheckSymbolExists.c:
/* */
#include <pthread.h>

int main(int argc, char** argv)
{
  (void)argv;
#ifndef pthread_create
  return ((int*)(&pthread_create))[argc];
#else
  (void)argc;
  return 0;
#endif
}

Determining if the function pthread_create exists in the pthreads failed with the following output:
Change Dir: /home/julian/programming/Sourcehold/CMakeFiles/CMakeTmp

Run Build Command:"/usr/bin/make" "cmTC_a2859/fast"
/usr/bin/make -f CMakeFiles/cmTC_a2859.dir/build.make CMakeFiles/cmTC_a2859.dir/build
make[1]: Verzeichnis „/home/julian/programming/Sourcehold/CMakeFiles/CMakeTmp“ wird betreten
Building C object CMakeFiles/cmTC_a2859.dir/CheckFunctionExists.c.o
/usr/bin/cc   -DCHECK_FUNCTION_EXISTS=pthread_create   -o CMakeFiles/cmTC_a2859.dir/CheckFunctionExists.c.o   -c /usr/share/cmake-3.13/Modules/CheckFunctionExists.c
Linking C executable cmTC_a2859
/usr/bin/cmake -E cmake_link_script CMakeFiles/cmTC_a2859.dir/link.txt --verbose=1
/usr/bin/cc  -DCHECK_FUNCTION_EXISTS=pthread_create    -rdynamic CMakeFiles/cmTC_a2859.dir/CheckFunctionExists.c.o  -o cmTC_a2859 -lpthreads 
/usr/bin/ld: -lpthreads kann nicht gefunden werden
collect2: Fehler: ld gab 1 als Ende-Status zurück
make[1]: *** [CMakeFiles/cmTC_a2859.dir/build.make:87: cmTC_a2859] Fehler 1
make[1]: Verzeichnis „/home/julian/programming/Sourcehold/CMakeFiles/CMakeTmp“ wird verlassen
make: *** [Makefile:121: cmTC_a2859/fast] Fehler 2


Determining if the pthread_create exist failed with the following output:
Change Dir: /home/julian/programming/Sourcehold/CMakeFiles/CMakeTmp

Run Build Command:"/usr/bin/make" "cmTC_f3be8/fast"
/usr/bin/make -f CMakeFiles/cmTC_f3be8.dir/build.make CMakeFiles/cmTC_f3be8.dir/build
make[1]: Verzeichnis „/home/julian/programming/Sourcehold/CMakeFiles/CMakeTmp“ wird betreten
Building C object CMakeFiles/cmTC_f3be8.dir/CheckSymbolExists.c.o
/usr/bin/cc    -o CMakeFiles/cmTC_f3be8.dir/CheckSymbolExists.c.o   -c /home/julian/programming/Sourcehold/CMakeFiles/CMakeTmp/CheckSymbolExists.c
Linking C executable cmTC_f3be8
/usr/bin/cmake -E cmake_link_script CMakeFiles/cmTC_f3be8.dir/link.txt --verbose=1
/usr/bin/cc      -rdynamic CMakeFiles/cmTC_f3be8.dir/CheckSymbolExists.c.o  -o cmTC_f3be8 
/usr/bin/ld: CMakeFiles/cmTC_f3be8.dir/CheckSymbolExists.c.o: in function `main':
CheckSymbolExists.c:(.text+0x1b): undefined reference to `pthread_create'
collect2: Fehler: ld gab 1 als Ende-Status zurück
make[1]: *** [CMakeFiles/cmTC_f3be8.dir/build.make:87: cmTC_f3be8] Fehler 1
make[1]: Verzeichnis „/home/julian/programming/Sourcehold/CMakeFiles/CMakeTmp“ wird verlassen
make: *** [Makefile:121: cmTC_f3be8/fast] Fehler 2

File /home/julian/programming/Sourcehold/CMakeFiles/CMakeTmp/CheckSymbolExists.c:
/* */
#include <pthread.h>

int main(int argc, char** argv)
{
  (void)argv;
#ifndef pthread_create
  return ((int*)(&pthread_create))[argc];
#else
  (void)argc;
  return 0;
#endif
}

Determining if the function pthread_create exists in the pthreads failed with the following output:
Change Dir: /home/julian/programming/Sourcehold/CMakeFiles/CMakeTmp

Run Build Command:"/usr/bin/make" "cmTC_ebeef/fast"
/usr/bin/make -f CMakeFiles/cmTC_ebeef.dir/build.make CMakeFiles/cmTC_ebeef.dir/build
make[1]: Verzeichnis „/home/julian/programming/Sourcehold/CMakeFiles/CMakeTmp“ wird betreten
Building C object CMakeFiles/cmTC_ebeef.dir/CheckFunctionExists.c.o
/usr/bin/cc   -DCHECK_FUNCTION_EXISTS=pthread_create   -o CMakeFiles/cmTC_ebeef.dir/CheckFunctionExists.c.o   -c /usr/share/cmake-3.13/Modules/CheckFunctionExists.c
Linking C executable cmTC_ebeef
/usr/bin/cmake -E cmake_link_script CMakeFiles/cmTC_ebeef.dir/link.txt --verbose=1
/usr/bin/cc  -DCHECK_FUNCTION_EXISTS=pthread_create    -rdynamic CMakeFiles/cmTC_ebeef.dir/CheckFunctionExists.c.o  -o cmTC_ebeef -lpthreads 
/usr/bin/ld: -lpthreads kann nicht gefunden werden
collect2: Fehler: ld gab 1 als Ende-Status zurück
make[1]: *** [CMakeFiles/cmTC_ebeef.dir/build.make:87: cmTC_ebeef] Fehler 1
make[1]: Verzeichnis „/home/julian/programming/Sourcehold/CMakeFiles/CMakeTmp“ wird verlassen
make: *** [Makefile:121: cmTC_ebeef/fast] Fehler 2


